<?xml version="1.0" encoding="UTF-8"?>
<!-- Generated by org.testng.reporters.JUnitXMLReporter -->
<testsuite hostname="RACLAP80-COMP" ignored="0" name="MakeMyTrip_Functional" tests="3" failures="3" timestamp="23 Sep 2021 13:59:55 GMT" time="27.304" errors="0">
  <testcase name="verifyLogo" time="0.011" classname="com.makemytrip.TestCases.HomePageTest">
    <failure type="java.lang.NullPointerException">
      <![CDATA[java.lang.NullPointerException
	at com.makemytrip.PageObjects.HomePage.verifyLogo(HomePage.java:30)
	at com.makemytrip.TestCases.HomePageTest.verifyLogo(HomePageTest.java:32)
... Removed 25 stack frames]]>
    </failure>
  </testcase> <!-- verifyLogo -->
  <testcase name="verifyLangCurrencyCountryDropdown" time="0.005" classname="com.makemytrip.TestCases.HomePageTest">
    <failure type="java.lang.NullPointerException">
      <![CDATA[java.lang.NullPointerException
	at com.makemytrip.PageObjects.HomePage.verifyLangCurrencyCountry(HomePage.java:35)
	at com.makemytrip.TestCases.HomePageTest.verifyLangCurrencyCountryDropdown(HomePageTest.java:42)
... Removed 25 stack frames]]>
    </failure>
  </testcase> <!-- verifyLangCurrencyCountryDropdown -->
  <testcase name="verifySearchButton" time="0.002" classname="com.makemytrip.TestCases.HomePageTest">
    <failure type="java.lang.NullPointerException">
      <![CDATA[java.lang.NullPointerException
	at com.makemytrip.PageObjects.HomePage.serachButton(HomePage.java:53)
	at com.makemytrip.TestCases.HomePageTest.verifySearchButton(HomePageTest.java:59)
... Removed 25 stack frames]]>
    </failure>
  </testcase> <!-- verifySearchButton -->
</testsuite> <!-- MakeMyTrip_Functional -->
