<?xml version="1.0" encoding="UTF-8"?>
<testng-results skipped="0" failed="0" ignored="0" total="1" passed="1">
  <reporter-output>
  </reporter-output>
  <suite name="Default suite" duration-ms="17101" started-at="2021-09-23T10:42:46Z" finished-at="2021-09-23T10:43:03Z">
    <groups>
    </groups>
    <test name="Default test" duration-ms="17101" started-at="2021-09-23T10:42:46Z" finished-at="2021-09-23T10:43:03Z">
      <class name="com.makemytrip.TestCases.HomePageTest">
        <test-method status="PASS" signature="baseClassNavigation()[pri:0, instance:com.makemytrip.TestCases.HomePageTest@5e3a8624]" name="baseClassNavigation" duration-ms="17067" started-at="2021-09-23T16:12:46Z" finished-at="2021-09-23T16:13:03Z">
          <reporter-output>
          </reporter-output>
        </test-method> <!-- baseClassNavigation -->
      </class> <!-- com.makemytrip.TestCases.HomePageTest -->
    </test> <!-- Default test -->
  </suite> <!-- Default suite -->
</testng-results>
